13 [140559788722048] INFO perfrun.launcher <> - Launcher main begin
15 [140559788722048] INFO perfrun.launcher <> - MessageCatalogInit finished
16 [140559788722048] INFO perfrun.launcher <> - Launcher instance created
17 [140559788722048] INFO perfrun.launcher <> - argc = 7; cmdline = /home/sandrala/intel/oneapi/vtune/2025.4/bin64/amplxe-runss --ui-output-format xml --ui-output-fd 5 --option-file /mnt/c/Users/sandr/OneDrive/桌面/shan/國科會大專生計畫/LogicRuleNonogram優化版/hotspots_result3/config/runss.options 
72 [140559788722048] INFO perfrun.perfcollector <> - SEP tool path: /home/sandrala/intel/oneapi/vtune/2025.4/bin64/sep
114 [140559788722048] INFO perfrun.launcher <> - create msngr2::ICliToolContext
115 [140559788722048] INFO perfrun.launcher <> - create file finder object
116 [140559788722048] INFO perfrun.launcher <> - create a result directory: pattern = /mnt/c/Users/sandr/OneDrive/桌面/shan/國科會大專生計畫/LogicRuleNonogram優化版/hotspots_result3 pid = 4294967295
153 [140559788722048] INFO perfrun.sdk <> - checked that the directory /mnt/c/Users/sandr/OneDrive/桌面/shan/國科會大專生計畫/LogicRuleNonogram優化版/hotspots_result3 is a local directory
154 [140559788722048] INFO perfrun.sdk <> - the directory /mnt/c/Users/sandr/OneDrive/桌面/shan/國科會大專生計畫/LogicRuleNonogram優化版/hotspots_result3 is located on a share or its FS ID is unknown 16914839
155 [140559788722048] INFO perfrun.sdk <> - checked that the directory /tmp/amplxe-tmp-sandrala is a local directory
156 [140559788722048] INFO perfrun.sdk <> - the directory /tmp/amplxe-tmp-sandrala is a local directory with FS type ID 61267
161 [140559788722048] INFO perfrun.launcher <> - Create a local result directory /tmp/amplxe-tmp-sandrala/amplxe-res-2721-22322829360632 due to the user result path /mnt/c/Users/sandr/OneDrive/桌面/shan/國科會大專生計畫/LogicRuleNonogram優化版/hotspots_result3 is located on a share
162 [140559788722048] INFO perfrun.launcher <> - create data directory = /tmp/amplxe-tmp-sandrala/amplxe-res-2721-22322829360632/data.0
166 [140559788722048] INFO perfrun.launcher <> - create data directory = /mnt/c/Users/sandr/OneDrive/桌面/shan/國科會大專生計畫/LogicRuleNonogram優化版/hotspots_result3/data.0
173 [140559788722048] INFO perfrun.launcher <> - Creating the master collection flag
188 [140559788722048] INFO perfrun.launcher <> - Done creating the master collection flag
191 [140559633082048] INFO perfrun.launcher <> - plugin [remoteplug] was disabled because it doesn't support the given collection type.
192 [140559633082048] INFO perfrun.sdk <> - Allocating TMU :/tmp/amplxe-tmp-sandrala/amplxe-res-2721-22322829360632/data.0/systemcollector-2721-Shan.sc
193 [140559633082048] INFO perfrun.system <> - Tpss based collection
195 [140559633082048] INFO perfrun.launcher <> - plugin [ptracecollector] was disabled because it doesn't support the given collection type.
195 [140559633082048] INFO perfrun.launcher <> - plugin [gpu] was disabled because it doesn't support the given collection type.
196 [140559633082048] INFO perfrun.launcher <> - plugin [] was disabled because it doesn't support the given collection type.
197 [140559633082048] INFO perfrun.launcher <> - plugin [] was disabled because it doesn't support the given collection type.
197 [140559633082048] INFO perfrun.launcher <> - plugin [] was disabled because it doesn't support the given collection type.
198 [140559633082048] INFO perfrun.mrte <> - system-wide mode is 0
198 [140559633082048] INFO perfrun.mrte <> - Getting  mrte profiling environment ...
226 [140559633082048] INFO perfrun.mrte <> - INTEL_MRTE_DATA_DIR=/tmp/amplxe-tmp-sandrala/amplxe-res-2721-22322829360632/data.0
227 [140559633082048] INFO perfrun.mrte <> - INTEL_MRTE_HOST_NAME=Shan
228 [140559633082048] INFO perfrun.mrte <> - JAVA_TOOL_OPTIONS=-agentlib:amplxe_samplingmrte_javaprof_1.0 -Dsun.boot.library.path=/home/sandrala/intel/oneapi/vtune/2025.4/lib32/runtime:/home/sandrala/intel/oneapi/vtune/2025.4/lib64/runtime
228 [140559633082048] INFO perfrun.mrte <> - LD_LIBRARY_PATH=/home/sandrala/intel/oneapi/vtune/2025.4/lib32/runtime:/home/sandrala/intel/oneapi/vtune/2025.4/lib64/runtime:/home/sandrala/intel/oneapi/tcm/1.4/lib:/home/sandrala/intel/oneapi/umf/0.11/lib:/home/sandrala/intel/oneapi/tbb/2022.2/env/../lib/intel64/gcc4.8:/home/sandrala/intel/oneapi/pti/0.13/lib:/home/sandrala/intel/oneapi/mpi/2021.16/opt/mpi/libfabric/lib:/home/sandrala/intel/oneapi/mpi/2021.16/lib:/home/sandrala/intel/oneapi/mkl/2025.2/lib:/home/sandrala/intel/oneapi/ippcp/2025.2/lib/:/home/sandrala/intel/oneapi/ipp/2022.2/lib:/home/sandrala/intel/oneapi/dnnl/2025.2/lib:/home/sandrala/intel/oneapi/debugger/2025.2/opt/debugger/lib:/home/sandrala/intel/oneapi/dal/2025.8/lib:/home/sandrala/intel/oneapi/compiler/2025.2/opt/compiler/lib:/home/sandrala/intel/oneapi/compiler/2025.2/lib:/home/sandrala/intel/oneapi/ccl/2021.16/lib/
229 [140559633082048] INFO perfrun.mrte <> - CORECLR_ENABLE_PROFILING=1
230 [140559633082048] INFO perfrun.mrte <> - CORECLR_PROFILER={AA5E4821-E3B1-479c-B7FF-5AD047D22CED}
231 [140559633082048] INFO perfrun.mrte <> - CORECLR_PROFILER_PATH=/home/sandrala/intel/oneapi/vtune/2025.4/lib64/libamplxe_samplingmrte_clrprof_1.0.so
231 [140559633082048] INFO perfrun.mrte <> - INTEL_MRTE_PROFILER_MODE=mixed
232 [140559633082048] INFO perfrun.mrte <> - Data directory: /tmp/amplxe-tmp-sandrala/amplxe-res-2721-22322829360632/data.0
232 [140559633082048] INFO perfrun.mrte <> - Mrte plugin is initialized
233 [140559633082048] INFO perfrun.launcher <> - plugin [emon] was disabled because it doesn't support the given collection type.
234 [140559633082048] INFO perfrun.launcher <> - plugin [cuscol] was disabled because it doesn't support the given collection type.
235 [140559633082048] INFO perfrun.launcher <> - plugin [stdsrc] was disabled because it doesn't support the given collection type.
235 [140559633082048] INFO perfrun.launcher <> - plugin [sep] was disabled because it doesn't support the given collection type.
236 [140559633082048] INFO perfrun.launcher <> - plugin [vtsspp] was disabled because it doesn't support the given collection type.
237 [140559633082048] INFO perfrun.launcher <> - plugin [perf] was disabled because it doesn't support the given collection type.
237 [140559633082048] INFO perfrun.launcher <> - plugin [aoclprofile] was disabled because it doesn't support the given collection type.
238 [140559633082048] INFO perfrun.tpss <> - initialize tpss controller
239 [140559633082048] INFO perfrun.tpss <> - configure collection mode: value = cpu:counters:nostack
240 [140559633082048] INFO perfrun.tpss <> - configure collection mode: value = cpu:stack
241 [140559633082048] INFO perfrun.tpss <> - default obj-size-min=1024
241 [140559633082048] INFO perfrun.tpss <> - default hash-table-size=0
242 [140559633082048] INFO perfrun.launcher <> - plugin [media] was disabled because it doesn't support the given collection type.
243 [140559633082048] INFO perfrun.launcher <> - plugin [] was disabled because it doesn't support the given collection type.
243 [140559633082048] INFO perfrun.launcher <> - plugin [] was disabled because it doesn't support the given collection type.
244 [140559633082048] INFO perfrun.launcher <> - plugin [parallelfs] was disabled because it doesn't support the given collection type.
244 [140559633082048] INFO perfrun.launcher <> - plugin [power] was disabled because it doesn't support the given collection type.
245 [140559633082048] INFO perfrun.launcher <> - plugin [] was disabled because it doesn't support the given collection type.
245 [140559633082048] INFO perfrun.launcher <> - plugin [] was disabled because it doesn't support the given collection type.
246 [140559633082048] INFO perfrun.launcher <> - plugin [] was disabled because it doesn't support the given collection type.
246 [140559633082048] INFO perfrun.launcher <> - plugin [l0_metrics] was disabled because it doesn't support the given collection type.
247 [140559633082048] INFO perfrun.launcher <> - plugin [stall_reasons] was disabled because it doesn't support the given collection type.
248 [140559788722048] INFO perfrun.launcher <> - set environment variable: LD_LIBRARY_PATH = /home/sandrala/intel/oneapi/vtune/2025.4/lib32/runtime:/home/sandrala/intel/oneapi/vtune/2025.4/lib64/runtime:/home/sandrala/intel/oneapi/tcm/1.4/lib:/home/sandrala/intel/oneapi/umf/0.11/lib:/home/sandrala/intel/oneapi/tbb/2022.2/env/../lib/intel64/gcc4.8:/home/sandrala/intel/oneapi/pti/0.13/lib:/home/sandrala/intel/oneapi/mpi/2021.16/opt/mpi/libfabric/lib:/home/sandrala/intel/oneapi/mpi/2021.16/lib:/home/sandrala/intel/oneapi/mkl/2025.2/lib:/home/sandrala/intel/oneapi/ippcp/2025.2/lib/:/home/sandrala/intel/oneapi/ipp/2022.2/lib:/home/sandrala/intel/oneapi/dnnl/2025.2/lib:/home/sandrala/intel/oneapi/debugger/2025.2/opt/debugger/lib:/home/sandrala/intel/oneapi/dal/2025.8/lib:/home/sandrala/intel/oneapi/compiler/2025.2/opt/compiler/lib:/home/sandrala/intel/oneapi/compiler/2025.2/lib:/home/sandrala/intel/oneapi/ccl/2021.16/lib/
249 [140559788722048] INFO perfrun.launcher <> - set environment variable: INTEL_LIBITTNOTIFY32 = /home/sandrala/intel/oneapi/vtune/2025.4/lib32/runtime/libittnotify_collector.so
250 [140559788722048] INFO perfrun.launcher <> - set environment variable: INTEL_LIBITTNOTIFY64 = /home/sandrala/intel/oneapi/vtune/2025.4/lib64/runtime/libittnotify_collector.so
251 [140559788722048] INFO perfrun.launcher <> - set environment variable: INTEL_ITTNOTIFY_GROUPS = 
252 [140559788722048] INFO perfrun.launcher <> - set environment variable: INTEL_JIT_PROFILER32 = /home/sandrala/intel/oneapi/vtune/2025.4/lib32/runtime/libittnotify_collector.so
253 [140559788722048] INFO perfrun.launcher <> - set environment variable: INTEL_JIT_PROFILER64 = /home/sandrala/intel/oneapi/vtune/2025.4/lib64/runtime/libittnotify_collector.so
253 [140559788722048] INFO perfrun.launcher <> - set environment variable: CCL_ITT_LEVEL = 1
254 [140559788722048] INFO perfrun.launcher <> - set environment variable: ENABLE_JITPROFILING = 1
255 [140559788722048] INFO perfrun.launcher <> - set environment variable: CL_CONFIG_USE_VTUNE = True
256 [140559788722048] INFO perfrun.launcher <> - set environment variable: KMP_FORKJOIN_FRAMES = 0
256 [140559788722048] INFO perfrun.launcher <> - set environment variable: KMP_FORKJOIN_FRAMES_MODE = 0
257 [140559788722048] INFO perfrun.launcher <> - set environment variable: INTEL_MRTE_DATA_DIR = /tmp/amplxe-tmp-sandrala/amplxe-res-2721-22322829360632/data.0
258 [140559788722048] INFO perfrun.launcher <> - set environment variable: INTEL_MRTE_HOST_NAME = Shan
259 [140559788722048] INFO perfrun.launcher <> - set environment variable: JAVA_TOOL_OPTIONS = -agentlib:amplxe_samplingmrte_javaprof_1.0 -Dsun.boot.library.path=/home/sandrala/intel/oneapi/vtune/2025.4/lib32/runtime:/home/sandrala/intel/oneapi/vtune/2025.4/lib64/runtime
260 [140559788722048] INFO perfrun.launcher <> - set environment variable: LD_LIBRARY_PATH = /home/sandrala/intel/oneapi/vtune/2025.4/lib32/runtime:/home/sandrala/intel/oneapi/vtune/2025.4/lib64/runtime:/home/sandrala/intel/oneapi/tcm/1.4/lib:/home/sandrala/intel/oneapi/umf/0.11/lib:/home/sandrala/intel/oneapi/tbb/2022.2/env/../lib/intel64/gcc4.8:/home/sandrala/intel/oneapi/pti/0.13/lib:/home/sandrala/intel/oneapi/mpi/2021.16/opt/mpi/libfabric/lib:/home/sandrala/intel/oneapi/mpi/2021.16/lib:/home/sandrala/intel/oneapi/mkl/2025.2/lib:/home/sandrala/intel/oneapi/ippcp/2025.2/lib/:/home/sandrala/intel/oneapi/ipp/2022.2/lib:/home/sandrala/intel/oneapi/dnnl/2025.2/lib:/home/sandrala/intel/oneapi/debugger/2025.2/opt/debugger/lib:/home/sandrala/intel/oneapi/dal/2025.8/lib:/home/sandrala/intel/oneapi/compiler/2025.2/opt/compiler/lib:/home/sandrala/intel/oneapi/compiler/2025.2/lib:/home/sandrala/intel/oneapi/ccl/2021.16/lib/
260 [140559788722048] INFO perfrun.launcher <> - set environment variable: CORECLR_ENABLE_PROFILING = 1
261 [140559788722048] INFO perfrun.launcher <> - set environment variable: CORECLR_PROFILER = {AA5E4821-E3B1-479c-B7FF-5AD047D22CED}
262 [140559788722048] INFO perfrun.launcher <> - set environment variable: CORECLR_PROFILER_PATH = /home/sandrala/intel/oneapi/vtune/2025.4/lib64/libamplxe_samplingmrte_clrprof_1.0.so
262 [140559788722048] INFO perfrun.launcher <> - set environment variable: INTEL_MRTE_PROFILER_MODE = mixed
263 [140559788722048] INFO perfrun.launcher <> - RpcServer: run RPC server to handle requests
275 [140559788722048] INFO perfrun.launcher <> - Launcher: command line to start before modification = ./bin/nonogram -S 1 -E 300 -I ./TCGA2021.txt -O output.txt -M 4 --simple-stdout
276 [140559788722048] INFO perfrun.launcher <> - Launcher: command line to start after modification = /home/sandrala/intel/oneapi/vtune/2025.4/bin64/pin -error_file /tmp/amplxe-tmp-sandrala/amplxe-res-2721-22322829360632/data.0/pinerr.tpsslog -detach_reattach -follow_execv -tool_load_option deepbind -t64 /home/sandrala/intel/oneapi/vtune/2025.4/lib64/libtpsstool.so -t /home/sandrala/intel/oneapi/vtune/2025.4/lib32/libtpsstool.so -server_name tpss_ipc.2721 -prd_dir /home/sandrala/intel/oneapi/vtune/2025.4 -- ./bin/nonogram -S 1 -E 300 -I ./TCGA2021.txt -O output.txt -M 4 --simple-stdout
277 [140559788722048] INFO perfrun.launcher <> - ProcessCreator object was created
278 [140559788722048] INFO perfrun.launcher <> - Launcher: the process was started in suspend mode
283 [140559633082048] WARN perfrun.system <> - Could not do anything with /sys/kernel/debug/kvm: boost::filesystem::status: Permission denied [system:13]: "/sys/kernel/debug/kvm", at file: vcs/perfrun1/plugins/system/src/trace_writer.cpp:787
284 [140559633082048] WARN perfrun.system <> - Folder "/var/run/libvirt/qemu/"doesn't exist, at file: vcs/perfrun1/plugins/system/src/trace_writer.cpp:800
286 [140559633082048] WARN perfrun.sdk <> - Failed to find xl binary on any of the system paths: /bin, /sbin, /usr/bin, /usr/sbin., at file: vcs/perfrun1/sdk/src/utils.cpp:205
287 [140559633082048] WARN perfrun.system <> - Could not start ContainerMapping collector, at file: vcs/perfrun1/plugins/system/src/controller.cpp:450
296 [140559633082048] INFO perfrun.vdso <> - Helper runtool '/home/sandrala/intel/oneapi/vtune/2025.4/bin32/amplxe-runss -dump-vdso -r /tmp/amplxe-tmp-sandrala/amplxe-res-2721-22322829360632 --tmp-dir /tmp/amplxe-tmp-sandrala' returned 1
451 [140559633082048] INFO perfrun.vdso <> - Helper runtool '/home/sandrala/intel/oneapi/vtune/2025.4/bin64/amplxe-runss -dump-vdso -r /tmp/amplxe-tmp-sandrala/amplxe-res-2721-22322829360632 --tmp-dir /tmp/amplxe-tmp-sandrala' returned 0
452 [140559633082048] INFO perfrun.itt <> - start itt controller for pid #2726
454 [140559633082048] INFO perfrun.tpss <> - start tpss controller for pid #2726
505 [140559788722048] INFO perfrun.launcher <> - Launcher: all plugins were started
506 [140559788722048] INFO perfrun.launcher <> - DirectoryMonitor object was created
507 [140559788722048] INFO perfrun.launcher <> - DirectoryMonitor: a callback was added
507 [140559788722048] INFO perfrun.launcher <> - DirectoryMonitor was started with pingTime = 1000
508 [140559788722048] INFO perfrun.launcher <> - DeadlineTimer is going to be constructed
509 [140559788722048] INFO perfrun.launcher <> - DeadlineTimer: a callback was added
527 [140559788722048] INFO perfrun.launcher <> - Launcher: resume the profiled application and  wait its termination or stop command
509517 [140559788722048] INFO perfrun.launcher <> - Launcher: the profiled application was terminated  with exit code = 0
509604 [140559633082048] INFO perfrun.itt <> - detach itt controller
509605 [140559633082048] INFO perfrun.itt <> - detach itt controller done
509605 [140559633082048] INFO perfrun.tpss <> - stop tpss controller
509609 [140559633082048] INFO perfrun.sdk <> - De-allocating TMU: /tmp/amplxe-tmp-sandrala/amplxe-res-2721-22322829360632/data.0/systemcollector-2721-Shan.sc
509610 [140559633082048] INFO perfrun.system <> - closed the system trace file: /tmp/amplxe-tmp-sandrala/amplxe-res-2721-22322829360632/data.0/systemcollector-2721-Shan.sc
509610 [140559788722048] INFO perfrun.launcher <> - Launcher: all plugins were stopped.
509611 [140559788722048] INFO perfrun.launcher <> - DeadlineTimer is going to be destroyed
509611 [140559788722048] INFO perfrun.launcher <> - DeadlineTimer was destroyed
509612 [140559788722048] INFO perfrun.launcher <> - DirectoryMonitor object was destroyed
509613 [140559788722048] WARN perfrun.launcher <> - Stop command is ignored because it is received when collection is already stopped, at file: vcs/perfrun1/launcher/src/command_handler.cpp:226
510026 [140559788722048] INFO perfrun.launcher <> - Application exit code: 0
510027 [140559788722048] INFO perfrun.launcher <> - Exit code: 0
