11 [140166302009216] INFO perfrun.launcher <> - Launcher main begin
12 [140166302009216] INFO perfrun.launcher <> - MessageCatalogInit finished
13 [140166302009216] INFO perfrun.launcher <> - Launcher instance created
14 [140166302009216] INFO perfrun.launcher <> - argc = 6; cmdline = /home/sandrala/intel/oneapi/vtune/2025.4/bin64/amplxe-runss -dump-vdso -r /tmp/amplxe-tmp-sandrala/amplxe-res-2721-22322829360632 --tmp-dir /tmp/amplxe-tmp-sandrala 
66 [140166302009216] INFO perfrun.perfcollector <> - SEP tool path: /home/sandrala/intel/oneapi/vtune/2025.4/bin64/sep
96 [140166302009216] INFO perfrun.launcher <> - create msngr2::ICliToolContext
97 [140166302009216] INFO perfrun.launcher <> - create file finder object
100 [140166146549440] INFO perfrun.launcher <> - plugin [remoteplug] was disabled because it doesn't support the given collection type.
101 [140166146549440] INFO perfrun.launcher <> - plugin [system] was disabled because it doesn't support the given collection type.
102 [140166146549440] INFO perfrun.vdso <> - dumping [vdso] pseudomodule
105 [140166146549440] INFO perfrun.launcher <> - plugin [itt] was disabled because it doesn't support the given collection type.
106 [140166146549440] INFO perfrun.launcher <> - plugin [ptracecollector] was disabled because it doesn't support the given collection type.
107 [140166146549440] INFO perfrun.launcher <> - plugin [gpu] was disabled because it doesn't support the given collection type.
107 [140166146549440] INFO perfrun.launcher <> - plugin [] was disabled because it doesn't support the given collection type.
108 [140166146549440] INFO perfrun.launcher <> - plugin [] was disabled because it doesn't support the given collection type.
109 [140166146549440] INFO perfrun.launcher <> - plugin [] was disabled because it doesn't support the given collection type.
109 [140166146549440] INFO perfrun.launcher <> - plugin [mrte] was disabled because it doesn't support the given collection type.
110 [140166146549440] INFO perfrun.launcher <> - plugin [emon] was disabled because it doesn't support the given collection type.
110 [140166146549440] INFO perfrun.launcher <> - plugin [cuscol] was disabled because it doesn't support the given collection type.
111 [140166146549440] INFO perfrun.launcher <> - plugin [stdsrc] was disabled because it doesn't support the given collection type.
112 [140166146549440] INFO perfrun.launcher <> - plugin [sep] was disabled because it doesn't support the given collection type.
113 [140166146549440] INFO perfrun.launcher <> - plugin [vtsspp] was disabled because it doesn't support the given collection type.
113 [140166146549440] INFO perfrun.launcher <> - plugin [perf] was disabled because it doesn't support the given collection type.
114 [140166146549440] INFO perfrun.launcher <> - plugin [aoclprofile] was disabled because it doesn't support the given collection type.
115 [140166146549440] INFO perfrun.launcher <> - plugin [tpss] was disabled because it doesn't support the given collection type.
115 [140166146549440] INFO perfrun.launcher <> - plugin [media] was disabled because it doesn't support the given collection type.
116 [140166146549440] INFO perfrun.launcher <> - plugin [] was disabled because it doesn't support the given collection type.
117 [140166146549440] INFO perfrun.launcher <> - plugin [] was disabled because it doesn't support the given collection type.
118 [140166146549440] INFO perfrun.launcher <> - plugin [parallelfs] was disabled because it doesn't support the given collection type.
118 [140166146549440] INFO perfrun.launcher <> - plugin [power] was disabled because it doesn't support the given collection type.
119 [140166146549440] INFO perfrun.launcher <> - plugin [] was disabled because it doesn't support the given collection type.
120 [140166146549440] INFO perfrun.launcher <> - plugin [] was disabled because it doesn't support the given collection type.
120 [140166146549440] INFO perfrun.launcher <> - plugin [] was disabled because it doesn't support the given collection type.
121 [140166146549440] INFO perfrun.launcher <> - plugin [l0_metrics] was disabled because it doesn't support the given collection type.
122 [140166146549440] INFO perfrun.launcher <> - plugin [stall_reasons] was disabled because it doesn't support the given collection type.
122 [140166302009216] INFO perfrun.launcher <> - Application exit code: 0
123 [140166302009216] INFO perfrun.launcher <> - Exit code: 0
