11 [140631039457152] INFO perfrun.launcher <> - Launcher main begin
13 [140631039457152] INFO perfrun.launcher <> - MessageCatalogInit finished
14 [140631039457152] INFO perfrun.launcher <> - Launcher instance created
14 [140631039457152] INFO perfrun.launcher <> - argc = 6; cmdline = /home/sandrala/intel/oneapi/vtune/2025.4/bin64/amplxe-runss -dump-vdso -r /tmp/amplxe-tmp-sandrala/amplxe-res-4273-14271680025932 --tmp-dir /tmp/amplxe-tmp-sandrala 
75 [140631039457152] INFO perfrun.perfcollector <> - SEP tool path: /home/sandrala/intel/oneapi/vtune/2025.4/bin64/sep
107 [140631039457152] INFO perfrun.launcher <> - create msngr2::ICliToolContext
108 [140631039457152] INFO perfrun.launcher <> - create file finder object
111 [140630883821248] INFO perfrun.launcher <> - plugin [remoteplug] was disabled because it doesn't support the given collection type.
111 [140630883821248] INFO perfrun.launcher <> - plugin [system] was disabled because it doesn't support the given collection type.
112 [140630883821248] INFO perfrun.vdso <> - dumping [vdso] pseudomodule
115 [140630883821248] INFO perfrun.launcher <> - plugin [itt] was disabled because it doesn't support the given collection type.
117 [140630883821248] INFO perfrun.launcher <> - plugin [ptracecollector] was disabled because it doesn't support the given collection type.
117 [140630883821248] INFO perfrun.launcher <> - plugin [gpu] was disabled because it doesn't support the given collection type.
118 [140630883821248] INFO perfrun.launcher <> - plugin [] was disabled because it doesn't support the given collection type.
119 [140630883821248] INFO perfrun.launcher <> - plugin [] was disabled because it doesn't support the given collection type.
119 [140630883821248] INFO perfrun.launcher <> - plugin [] was disabled because it doesn't support the given collection type.
120 [140630883821248] INFO perfrun.launcher <> - plugin [mrte] was disabled because it doesn't support the given collection type.
121 [140630883821248] INFO perfrun.launcher <> - plugin [emon] was disabled because it doesn't support the given collection type.
122 [140630883821248] INFO perfrun.launcher <> - plugin [cuscol] was disabled because it doesn't support the given collection type.
123 [140630883821248] INFO perfrun.launcher <> - plugin [stdsrc] was disabled because it doesn't support the given collection type.
123 [140630883821248] INFO perfrun.launcher <> - plugin [sep] was disabled because it doesn't support the given collection type.
124 [140630883821248] INFO perfrun.launcher <> - plugin [vtsspp] was disabled because it doesn't support the given collection type.
124 [140630883821248] INFO perfrun.launcher <> - plugin [perf] was disabled because it doesn't support the given collection type.
125 [140630883821248] INFO perfrun.launcher <> - plugin [aoclprofile] was disabled because it doesn't support the given collection type.
126 [140630883821248] INFO perfrun.launcher <> - plugin [tpss] was disabled because it doesn't support the given collection type.
126 [140630883821248] INFO perfrun.launcher <> - plugin [media] was disabled because it doesn't support the given collection type.
127 [140630883821248] INFO perfrun.launcher <> - plugin [] was disabled because it doesn't support the given collection type.
127 [140630883821248] INFO perfrun.launcher <> - plugin [] was disabled because it doesn't support the given collection type.
128 [140630883821248] INFO perfrun.launcher <> - plugin [parallelfs] was disabled because it doesn't support the given collection type.
128 [140630883821248] INFO perfrun.launcher <> - plugin [power] was disabled because it doesn't support the given collection type.
129 [140630883821248] INFO perfrun.launcher <> - plugin [] was disabled because it doesn't support the given collection type.
130 [140630883821248] INFO perfrun.launcher <> - plugin [] was disabled because it doesn't support the given collection type.
130 [140630883821248] INFO perfrun.launcher <> - plugin [] was disabled because it doesn't support the given collection type.
131 [140630883821248] INFO perfrun.launcher <> - plugin [l0_metrics] was disabled because it doesn't support the given collection type.
132 [140630883821248] INFO perfrun.launcher <> - plugin [stall_reasons] was disabled because it doesn't support the given collection type.
132 [140631039457152] INFO perfrun.launcher <> - Application exit code: 0
133 [140631039457152] INFO perfrun.launcher <> - Exit code: 0
